2025-06-25 17:53:48,508 INFO    MainThread:33300 [wandb_setup.py:_flush():67] Current SDK version is 0.19.7.dev1
2025-06-25 17:53:48,508 INFO    MainThread:33300 [wandb_setup.py:_flush():67] Configure stats pid to 33300
2025-06-25 17:53:48,508 INFO    MainThread:33300 [wandb_setup.py:_flush():67] Loading settings from /home/kim/.config/wandb/settings
2025-06-25 17:53:48,508 INFO    MainThread:33300 [wandb_setup.py:_flush():67] Loading settings from /home/kim/Dropbox/Codes/jaxpinn/examples/ns_alpha/wandb/settings
2025-06-25 17:53:48,508 INFO    MainThread:33300 [wandb_setup.py:_flush():67] Loading settings from environment variables
2025-06-25 17:53:48,508 INFO    MainThread:33300 [wandb_init.py:setup_run_log_directory():647] Logging user logs to /home/kim/Dropbox/Codes/jaxpinn/examples/ns_alpha/wandb/run-20250625_175348-dxyu7lkf/logs/debug.log
2025-06-25 17:53:48,508 INFO    MainThread:33300 [wandb_init.py:setup_run_log_directory():648] Logging internal logs to /home/kim/Dropbox/Codes/jaxpinn/examples/ns_alpha/wandb/run-20250625_175348-dxyu7lkf/logs/debug-internal.log
2025-06-25 17:53:48,508 INFO    MainThread:33300 [wandb_init.py:init():761] calling init triggers
2025-06-25 17:53:48,508 INFO    MainThread:33300 [wandb_init.py:init():766] wandb.init called with sweep_config: {}
config: {'_wandb': {}}
2025-06-25 17:53:48,508 INFO    MainThread:33300 [wandb_init.py:init():784] starting backend
2025-06-25 17:53:48,508 INFO    MainThread:33300 [wandb_init.py:init():788] sending inform_init request
2025-06-25 17:53:48,510 INFO    MainThread:33300 [backend.py:_multiprocessing_setup():97] multiprocessing start_methods=fork,spawn,forkserver, using: spawn
2025-06-25 17:53:48,510 INFO    MainThread:33300 [wandb_init.py:init():803] backend started and connected
2025-06-25 17:53:48,511 INFO    MainThread:33300 [wandb_init.py:init():896] updated telemetry
2025-06-25 17:53:48,516 INFO    MainThread:33300 [wandb_init.py:init():920] communicating run to backend with 90.0 second timeout
2025-06-25 17:53:49,125 INFO    MainThread:33300 [wandb_init.py:init():995] starting run threads in backend
2025-06-25 17:53:49,205 INFO    MainThread:33300 [wandb_run.py:_console_start():2377] atexit reg
2025-06-25 17:53:49,205 INFO    MainThread:33300 [wandb_run.py:_redirect():2227] redirect: wrap_raw
2025-06-25 17:53:49,205 INFO    MainThread:33300 [wandb_run.py:_redirect():2292] Wrapping output streams.
2025-06-25 17:53:49,205 INFO    MainThread:33300 [wandb_run.py:_redirect():2317] Redirects installed.
2025-06-25 17:53:49,207 INFO    MainThread:33300 [wandb_init.py:init():1037] run started, returning control to user process
2025-06-25 19:51:46,065 WARNING MsgRouterThr:33300 [router.py:message_loop():77] message_loop has been closed
Traceback (most recent call last):
  File "/home/kim/miniconda3/envs/jax/lib/python3.11/site-packages/wandb/sdk/interface/router_sock.py", line 28, in _read_message
    resp = self._sock_client.read_server_response(timeout=1)
           ^^^^^^^^^^^^^^^^^^^^^^^^^^^^^^^^^^^^^^^^^^^^^^^^^
  File "/home/kim/miniconda3/envs/jax/lib/python3.11/site-packages/wandb/sdk/lib/sock_client.py", line 285, in read_server_response
    data = self._read_packet_bytes(timeout=timeout)
           ^^^^^^^^^^^^^^^^^^^^^^^^^^^^^^^^^^^^^^^^
  File "/home/kim/miniconda3/envs/jax/lib/python3.11/site-packages/wandb/sdk/lib/sock_client.py", line 270, in _read_packet_bytes
    raise SockClientClosedError
wandb.sdk.lib.sock_client.SockClientClosedError

The above exception was the direct cause of the following exception:

Traceback (most recent call last):
  File "/home/kim/miniconda3/envs/jax/lib/python3.11/site-packages/wandb/sdk/interface/router.py", line 70, in message_loop
    msg = self._read_message()
          ^^^^^^^^^^^^^^^^^^^^
  File "/home/kim/miniconda3/envs/jax/lib/python3.11/site-packages/wandb/sdk/interface/router_sock.py", line 30, in _read_message
    raise MessageRouterClosedError from e
wandb.sdk.interface.router.MessageRouterClosedError
2025-06-25 19:51:46,066 INFO    MsgRouterThr:33300 [mailbox.py:close():115] Closing mailbox, abandoning 1 handles.
